{
  "Cucumber Features": {
    "coverage": {
      "/home/ubuntu/workspace/hw5-bdd-tdd-cycle/rottenpotatoes/app/controllers/application_controller.rb": [
        1,
        1,
        null
      ],
      "/home/ubuntu/workspace/hw5-bdd-tdd-cycle/rottenpotatoes/app/helpers/application_helper.rb": [
        1,
        null
      ],
      "/home/ubuntu/workspace/hw5-bdd-tdd-cycle/rottenpotatoes/app/helpers/movies_helper.rb": [
        1,
        null,
        1,
        0,
        null,
        null
      ],
      "/home/ubuntu/workspace/hw5-bdd-tdd-cycle/rottenpotatoes/app/controllers/movies_controller.rb": [
        1,
        null,
        1,
        0,
        0,
        null,
        null,
        null,
        1,
        12,
        12,
        null,
        0,
        null,
        2,
        null,
        12,
        12,
        null,
        12,
        36,
        null,
        null,
        12,
        1,
        1,
        1,
        null,
        null,
        11,
        2,
        2,
        2,
        2,
        null,
        9,
        null,
        null,
        1,
        null,
        null,
        null,
        1,
        0,
        0,
        0,
        null,
        null,
        1,
        0,
        null,
        null,
        1,
        0,
        0,
        0,
        0,
        null,
        null,
        1,
        0,
        0,
        0,
        0,
        null,
        null,
        1,
        0,
        0,
        0,
        null,
        0,
        0,
        null,
        null,
        null,
        null
      ],
      "/home/ubuntu/workspace/hw5-bdd-tdd-cycle/rottenpotatoes/app/models/movie.rb": [
        1,
        1,
        12,
        null,
        null
      ]
    },
    "timestamp": 1426437590
  },
  "RSpec": {
    "coverage": {
      "/home/ubuntu/workspace/hw5-bdd-tdd-cycle/rottenpotatoes/app/controllers/application_controller.rb": [
        1,
        1,
        null
      ],
      "/home/ubuntu/workspace/hw5-bdd-tdd-cycle/rottenpotatoes/app/helpers/application_helper.rb": [
        1,
        null
      ],
      "/home/ubuntu/workspace/hw5-bdd-tdd-cycle/rottenpotatoes/app/helpers/movies_helper.rb": [
        1,
        null,
        1,
        0,
        null,
        null
      ],
      "/home/ubuntu/workspace/hw5-bdd-tdd-cycle/rottenpotatoes/app/controllers/movies_controller.rb": [
        1,
        null,
        1,
        1,
        1,
        null,
        null,
        null,
        1,
        5,
        5,
        null,
        1,
        null,
        1,
        null,
        5,
        5,
        null,
        5,
        12,
        null,
        null,
        5,
        2,
        2,
        2,
        null,
        null,
        3,
        2,
        2,
        2,
        2,
        null,
        1,
        null,
        null,
        1,
        null,
        null,
        null,
        1,
        1,
        1,
        1,
        null,
        null,
        1,
        1,
        null,
        null,
        1,
        1,
        1,
        1,
        1,
        null,
        null,
        1,
        2,
        2,
        2,
        2,
        null,
        null,
        1,
        3,
        3,
        2,
        null,
        1,
        1,
        null,
        null,
        null,
        null
      ],
      "/home/ubuntu/workspace/hw5-bdd-tdd-cycle/rottenpotatoes/app/models/movie.rb": [
        1,
        1,
        5,
        null,
        null
      ]
    },
    "timestamp": 1426437390
  }
}
